<?xml version="1.0" encoding="UTF-8"?>
<!-- Generated by org.testng.reporters.JUnitXMLReporter -->
<testsuite ignored="0" hostname="DESKTOP-FSSQCH0" failures="2" tests="9" name="Test" time="8.411" errors="0" timestamp="2024-04-23T13:31:24 IST">
  <testcase classname="testNGPackage.TestNGPractice$TestNG1st" name="test3" time="0.01"/>
  <testcase classname="testNGPackage.TestNGPractice$TestNG1st" name="test3" time="0.001"/>
  <testcase classname="testNGPackage.TestNGPractice$TestNG1st" name="test4" time="0.019"/>
  <testcase classname="testNGPackage.TestNGPractice$TestNG1st" name="test4" time="0.016"/>
  <testcase classname="testNGPackage.VerifyForgotPasswordFunctionality" name="verifyErrorMessageWhenPasswordFunctionltyIsused" time="0.839"/>
  <testcase classname="testNGPackage.VerifyingHomePageAndSettingPage" name="verifyHomePage" time="0.005">
    <failure type="java.lang.AssertionError" message="The following asserts failed:
	expected [Facebook1-HomePag] but found [Facebook1-HomePage]">
      <![CDATA[java.lang.AssertionError: The following asserts failed:
expected [Facebook1-HomePag] but found [Facebook1-HomePage]
at testNGPackage.VerifyingHomePageAndSettingPage.verifyHomePage(VerifyingHomePageAndSettingPage.java:39)
at java.base/java.util.ArrayList.forEach(ArrayList.java:1511)
... Removed 27 stack frames]]>
    </failure>
  </testcase> <!-- verifyHomePage -->
  <testcase classname="testNGPackage.VerifyingHomePageAndSettingPage" name="verifySettingPage" time="0.001">
    <failure type="java.lang.AssertionError" message="The following asserts failed:
	expected [www.facebook.com/settin] but found [www.facebook.com/setting],
	expected [Facebook1-SettingPage] but found [Facebook1-SettingPag]">
      <![CDATA[java.lang.AssertionError: The following asserts failed:
expected [www.facebook.com/settin] but found [www.facebook.com/setting],
expected [Facebook1-SettingPage] but found [Facebook1-SettingPag]
at testNGPackage.VerifyingHomePageAndSettingPage.verifySettingPage(VerifyingHomePageAndSettingPage.java:56)
at java.base/java.util.ArrayList.forEach(ArrayList.java:1511)
... Removed 27 stack frames]]>
    </failure>
  </testcase> <!-- verifySettingPage -->
  <testcase classname="testNGPackage.TestNGPractice$TestNG1st" name="test1" time="0.0"/>
  <testcase classname="testNGPackage.TestNGPractice$TestNG1st" name="test2" time="0.003"/>
</testsuite> <!-- Test -->
