<?xml version="1.0" encoding="UTF-8"?>
<!-- Generated by org.testng.reporters.JUnitXMLReporter -->
<testsuite ignored="0" hostname="DESKTOP-FSSQCH0" failures="0" tests="1" name="Safari Test" time="0.032" errors="0" timestamp="2024-04-26T12:28:13 IST">
  <testcase classname="testNGPackage.CrossBrowserFunctionalityTest" name="@BeforeTest launchBrowser" time="0.004">
    <failure type="java.lang.NullPointerException" message="Cannot invoke &amp;quot;org.openqa.selenium.WebDriver.manage()&amp;quot; because &amp;quot;this.driver&amp;quot; is null">
      <![CDATA[java.lang.NullPointerException: Cannot invoke "org.openqa.selenium.WebDriver.manage()" because "this.driver" is null
at testNGPackage.CrossBrowserFunctionalityTest.launchBrowser(CrossBrowserFunctionalityTest.java:47)
... Removed 22 stack frames]]>
    </failure>
  </testcase> <!-- @BeforeTest launchBrowser -->
  <testcase classname="testNGPackage.CrossBrowserFunctionalityTest" name="@BeforeClass LauchtheBrowser" time="-1.714114693688E9">
    <skipped/>
  </testcase> <!-- @BeforeClass LauchtheBrowser -->
  <testcase classname="testNGPackage.CrossBrowserFunctionalityTest" name="@BeforeMethod Signup" time="-1.71411469369E9">
    <skipped/>
  </testcase> <!-- @BeforeMethod Signup -->
  <testcase classname="testNGPackage.CrossBrowserFunctionalityTest" name="@AfterMethod CaptureScreenshotofFailedTest" time="-1.7141146937E9">
    <skipped/>
  </testcase> <!-- @AfterMethod CaptureScreenshotofFailedTest -->
  <testcase classname="testNGPackage.CrossBrowserFunctionalityTest" name="@AfterClass afterclass" time="-1.714114693703E9">
    <skipped/>
  </testcase> <!-- @AfterClass afterclass -->
  <testcase classname="testNGPackage.CrossBrowserFunctionalityTest" name="@AfterTest closeBrowser" time="-1.714114693705E9">
    <skipped/>
  </testcase> <!-- @AfterTest closeBrowser -->
  <testcase classname="testNGPackage.CrossBrowserFunctionalityTest" name="verifyErrorMessageWhenPasswordFunctionltyIsused" time="0.0">
    <skipped/>
  </testcase> <!-- verifyErrorMessageWhenPasswordFunctionltyIsused -->
</testsuite> <!-- Safari Test -->
